
Timing Report Summary
--------------
--------------------------------------------------------------------------------
Constraint                              |   Constraint|       Actual|Levels
--------------------------------------------------------------------------------
                                        |             |             |
create_clock -period 5.000000 -name     |             |             |
clk4 [get_nets spis_sck_c]              |  200.000 MHz|   93.950 MHz|     6 *
                                        |             |             |
create_clock -period 5.000000 -name     |             |             |
clk3 [get_nets SYNTHESIZED_WIRE_9]      |            -|            -|     0  
                                        |             |             |
create_clock -period 5.000000 -name     |             |             |
clk2 [get_nets SYNTHESIZED_WIRE_2]      |  200.000 MHz|  213.767 MHz|     3  
                                        |             |             |
create_clock -period 5.000000 -name     |             |             |
clk1 [get_nets clk_50]                  |  200.000 MHz|   37.556 MHz|    19 *
                                        |             |             |
create_clock -period 5.000000 -name     |             |             |
clk0 [get_nets clk_12_c]                |  200.000 MHz|  104.417 MHz|     8 *
                                        |             |             |
--------------------------------------------------------------------------------


3 constraints not met.

